<?xml version="1.0" encoding="utf-8"?><testsuites name="pytest tests"><testsuite name="pytest" errors="0" failures="0" skipped="1" tests="18" time="5.188" timestamp="2026-01-29T07:18:43.299732+00:00" hostname="agent-env-9cc4c669-0933-456b-bfa5-77ada574f85e"><testcase classname="backend.tests.test_progress_quiz_certificates.TestStudentEnrollmentAndProgress" name="test_student_login" time="0.288" /><testcase classname="backend.tests.test_progress_quiz_certificates.TestStudentEnrollmentAndProgress" name="test_get_courses_list" time="0.040" /><testcase classname="backend.tests.test_progress_quiz_certificates.TestStudentEnrollmentAndProgress" name="test_student_enrolled_courses" time="0.327" /><testcase classname="backend.tests.test_progress_quiz_certificates.TestModuleCompletion" name="test_get_course_progress" time="0.349" /><testcase classname="backend.tests.test_progress_quiz_certificates.TestModuleCompletion" name="test_mark_module_complete" time="0.384" /><testcase classname="backend.tests.test_progress_quiz_certificates.TestModuleCompletion" name="test_mark_module_complete_not_enrolled" time="0.301" /><testcase classname="backend.tests.test_progress_quiz_certificates.TestQuizSystem" name="test_submit_quiz_passing_score" time="0.382" /><testcase classname="backend.tests.test_progress_quiz_certificates.TestQuizSystem" name="test_quiz_attempt_limit" time="0.455" /><testcase classname="backend.tests.test_progress_quiz_certificates.TestFileUpload" name="test_video_upload_requires_auth" time="0.035" /><testcase classname="backend.tests.test_progress_quiz_certificates.TestFileUpload" name="test_document_upload_requires_auth" time="0.039" /><testcase classname="backend.tests.test_progress_quiz_certificates.TestFileUpload" name="test_learner_cannot_upload" time="0.298" /><testcase classname="backend.tests.test_progress_quiz_certificates.TestAssignments" name="test_get_course_assignments" time="0.387" /><testcase classname="backend.tests.test_progress_quiz_certificates.TestAssignments" name="test_trainer_create_assignment" time="0.298"><skipped type="pytest.skip" message="Trainer has no courses">/app/backend/tests/test_progress_quiz_certificates.py:388: Trainer has no courses</skipped></testcase><testcase classname="backend.tests.test_progress_quiz_certificates.TestAssignments" name="test_learner_cannot_create_assignment" time="0.300" /><testcase classname="backend.tests.test_progress_quiz_certificates.TestCertificates" name="test_get_my_certificates" time="0.299" /><testcase classname="backend.tests.test_progress_quiz_certificates.TestCertificates" name="test_verify_certificate_invalid" time="0.037" /><testcase classname="backend.tests.test_progress_quiz_certificates.TestCertificates" name="test_certificate_verification_endpoint" time="0.295" /><testcase classname="backend.tests.test_progress_quiz_certificates.TestCertificateGeneration" name="test_full_learning_flow" time="0.617" /></testsuite></testsuites>