<?xml version="1.0" encoding="utf-8"?><testsuites name="pytest tests"><testsuite name="pytest" errors="0" failures="0" skipped="0" tests="16" time="3.974" timestamp="2026-01-29T06:49:38.929641+00:00" hostname="agent-env-9cc4c669-0933-456b-bfa5-77ada574f85e"><testcase classname="backend.tests.test_rbac.TestHealthCheck" name="test_api_health" time="0.066" /><testcase classname="backend.tests.test_rbac.TestAdminLogin" name="test_admin_login_success" time="0.273" /><testcase classname="backend.tests.test_rbac.TestAdminLogin" name="test_admin_can_access_admin_stats" time="0.312" /><testcase classname="backend.tests.test_rbac.TestAdminLogin" name="test_admin_can_access_trainer_courses" time="0.310" /><testcase classname="backend.tests.test_rbac.TestTrainerLogin" name="test_trainer_login_success" time="0.264" /><testcase classname="backend.tests.test_rbac.TestTrainerLogin" name="test_trainer_can_access_trainer_courses" time="0.299" /><testcase classname="backend.tests.test_rbac.TestTrainerLogin" name="test_trainer_cannot_access_admin_stats" time="0.343" /><testcase classname="backend.tests.test_rbac.TestTrainerLogin" name="test_trainer_cannot_access_admin_users" time="0.303" /><testcase classname="backend.tests.test_rbac.TestTrainerCourseCreation" name="test_trainer_create_course" time="0.346" /><testcase classname="backend.tests.test_rbac.TestLearnerSignupAndAccess" name="test_signup_new_learner" time="0.264" /><testcase classname="backend.tests.test_rbac.TestLearnerSignupAndAccess" name="test_learner_cannot_access_trainer_courses" time="0.295" /><testcase classname="backend.tests.test_rbac.TestLearnerSignupAndAccess" name="test_learner_cannot_access_admin_stats" time="0.294" /><testcase classname="backend.tests.test_rbac.TestLearnerSignupAndAccess" name="test_learner_can_access_public_courses" time="0.297" /><testcase classname="backend.tests.test_rbac.TestUnauthenticatedAccess" name="test_unauthenticated_cannot_access_admin_stats" time="0.035" /><testcase classname="backend.tests.test_rbac.TestUnauthenticatedAccess" name="test_unauthenticated_cannot_access_trainer_courses" time="0.035" /><testcase classname="backend.tests.test_rbac.TestUnauthenticatedAccess" name="test_unauthenticated_can_access_public_courses" time="0.042" /></testsuite></testsuites>